#
# A fatal error has been detected by the Java Runtime Environment:
#
#  Internal Error (javaClasses.cpp:129), pid=5604, tid=5644
#  fatal error: Invalid layout of preloaded class
#
# JRE version: 7.0_17-b02
# Java VM: Java HotSpot(TM) 64-Bit Server VM (23.7-b01 mixed mode windows-amd64 compressed oops)
# Failed to write core dump. Minidumps are not enabled by default on client versions of Windows
#
# If you would like to submit a bug report, please visit:
#   http://bugreport.sun.com/bugreport/crash.jsp
#

---------------  T H R E A D  ---------------

Current thread (0x000000000222c800):  JavaThread "Unknown thread" [_thread_in_vm, id=5644, stack(0x0000000002290000,0x0000000002390000)]

Stack: [0x0000000002290000,0x0000000002390000]

---------------  P R O C E S S  ---------------

Java Threads: ( => current thread )

Other Threads:

=>0x000000000222c800 (exited) JavaThread "Unknown thread" [_thread_in_vm, id=5644, stack(0x0000000002290000,0x0000000002390000)]

VM state:not at safepoint (not fully initialized)

VM Mutex/Monitor currently owned by a thread: None

GC Heap History (0 events):
No events

Deoptimization events (0 events):
No events

Internal exceptions (0 events):
No events

Events (10 events):
Event: 0.009 loading class 0x0000000002188ba0 done
Event: 0.009 loading class 0x0000000002142620 done
Event: 0.009 loading class 0x00000000021425f0
Event: 0.009 loading class 0x0000000002193960
Event: 0.009 loading class 0x0000000002193960 done
Event: 0.009 loading class 0x00000000021939a0
Event: 0.009 loading class 0x00000000021939a0 done
Event: 0.009 loading class 0x00000000021a6920
Event: 0.009 loading class 0x00000000021a6920 done
Event: 0.009 loading class 0x00000000021425f0 done


Dynamic libraries:
0x000000013fc00000 - 0x000000013fc33000 	C:\Program Files\Java\jre7\bin\javaw.exe
0x0000000077860000 - 0x0000000077a09000 	C:\Windows\SYSTEM32\ntdll.dll
0x0000000077180000 - 0x000000007729f000 	C:\Windows\system32\kernel32.dll
0x000007fefdd70000 - 0x000007fefdddc000 	C:\Windows\system32\KERNELBASE.dll
0x000007feff250000 - 0x000007feff32b000 	C:\Windows\system32\ADVAPI32.dll
0x000007feffad0000 - 0x000007feffb6f000 	C:\Windows\system32\msvcrt.dll
0x000007feff050000 - 0x000007feff06f000 	C:\Windows\SYSTEM32\sechost.dll
0x000007fefef20000 - 0x000007feff04d000 	C:\Windows\system32\RPCRT4.dll
0x00000000773f0000 - 0x00000000774ea000 	C:\Windows\system32\USER32.dll
0x000007feff820000 - 0x000007feff887000 	C:\Windows\system32\GDI32.dll
0x000007feff240000 - 0x000007feff24e000 	C:\Windows\system32\LPK.dll
0x000007fefe090000 - 0x000007fefe159000 	C:\Windows\system32\USP10.dll
0x000007fefc440000 - 0x000007fefc634000 	C:\Windows\WinSxS\amd64_microsoft.windows.common-controls_6595b64144ccf1df_6.0.7601.17514_none_fa396087175ac9ac\COMCTL32.dll
0x000007feff7a0000 - 0x000007feff811000 	C:\Windows\system32\SHLWAPI.dll
0x000007feffaa0000 - 0x000007fefface000 	C:\Windows\system32\IMM32.DLL
0x000007feff430000 - 0x000007feff539000 	C:\Windows\system32\MSCTF.dll
0x00000000737f0000 - 0x00000000738c1000 	C:\Program Files\Java\jre7\bin\msvcr100.dll
0x000000006ce20000 - 0x000000006d53f000 	C:\Program Files\Java\jre7\bin\server\jvm.dll
0x000007fef9a90000 - 0x000007fef9a99000 	C:\Windows\system32\WSOCK32.dll
0x000007feff150000 - 0x000007feff19d000 	C:\Windows\system32\WS2_32.dll
0x000007fefef10000 - 0x000007fefef18000 	C:\Windows\system32\NSI.dll
0x000007fefc970000 - 0x000007fefc9ab000 	C:\Windows\system32\WINMM.dll
0x0000000077a20000 - 0x0000000077a27000 	C:\Windows\system32\PSAPI.DLL
0x0000000074b70000 - 0x0000000074b7f000 	C:\Program Files\Java\jre7\bin\verify.dll
0x0000000073fb0000 - 0x0000000073fd8000 	C:\Program Files\Java\jre7\bin\java.dll
0x0000000073f90000 - 0x0000000073fa5000 	C:\Program Files\Java\jre7\bin\zip.dll

VM Arguments:
jvm_args: -Dfile.encoding=UTF-8 -Xbootclasspath:D:\eclipse-standard-kepler-R-win32-x86_64\android-sdk_r22.0.4-windows\android-sdk-windows\platforms\android-17\android.jar 
java_command: com.teamir.mendcurse.calculate.Test
Launcher Type: SUN_STANDARD

Environment Variables:
CLASSPATH=.;D:\IBM\SQLLIB\java\db2java.zip;D:\IBM\SQLLIB\java\db2jcc.jar;D:\IBM\SQLLIB\java\sqlj.zip;D:\IBM\SQLLIB\java\db2jcc_license_cu.jar;D:\IBM\SQLLIB\bin;D:\IBM\SQLLIB\java\common.jar
PATH=C:/Program Files/Java/jre7/bin/server;C:/Program Files/Java/jre7/bin;C:/Program Files/Java/jre7/lib/amd64;D:\Python\Python2.7.3-32\Lib\site-packages\PyQt4;D:\Python\Python27\Lib\site-packages\PyQt4;D:\Python\Python27;D:\Python\Python27\Lib\site-packages\PyQt4;D:\Python\Python32\Lib\site-packages\PyQt4;C:\Python27\Lib\site-packages\PyQt4;C:\Program Files\Java\jre7\bin;D:\sbt\;D:\Python\Python32;D:\Java\jdk1.7.0_17\bin;;C:\Windows\system32;C:\Windows;C:\Windows\system32\wbem;D:\Java\jdk1.7.0_17\bin;D:\eclipse-standard-kepler-R-win32-x86_64\eclipse;
USERNAME=Administrator
OS=Windows_NT
PROCESSOR_IDENTIFIER=Intel64 Family 6 Model 42 Stepping 7, GenuineIntel



---------------  S Y S T E M  ---------------

OS: Windows 7 , 64 bit Build 7601 Service Pack 1

CPU:total 8 (4 cores per cpu, 2 threads per core) family 6 model 42 stepping 7, cmov, cx8, fxsr, mmx, sse, sse2, sse3, ssse3, sse4.1, sse4.2, popcnt, avx, ht, tsc, tscinvbit

Memory: 4k page, physical 4140912k(2268284k free), swap 8279964k(4732792k free)

vm_info: Java HotSpot(TM) 64-Bit Server VM (23.7-b01) for windows-amd64 JRE (1.7.0_17-b02), built on Mar  1 2013 03:38:30 by "java_re" with unknown MS VC++:1600

time: Mon Sep 09 21:05:55 2013
elapsed time: 0 seconds

