#
# A fatal error has been detected by the Java Runtime Environment:
#
#  Internal Error (javaClasses.cpp:129), pid=2416, tid=6804
#  fatal error: Invalid layout of preloaded class
#
# JRE version: 7.0_17-b02
# Java VM: Java HotSpot(TM) 64-Bit Server VM (23.7-b01 mixed mode windows-amd64 compressed oops)
# Failed to write core dump. Minidumps are not enabled by default on client versions of Windows
#
# If you would like to submit a bug report, please visit:
#   http://bugreport.sun.com/bugreport/crash.jsp
#

---------------  T H R E A D  ---------------

Current thread (0x000000000015e800):  JavaThread "Unknown thread" [_thread_in_vm, id=6804, stack(0x00000000024b0000,0x00000000025b0000)]

Stack: [0x00000000024b0000,0x00000000025b0000]

---------------  P R O C E S S  ---------------

Java Threads: ( => current thread )

Other Threads:

=>0x000000000015e800 (exited) JavaThread "Unknown thread" [_thread_in_vm, id=6804, stack(0x00000000024b0000,0x00000000025b0000)]

VM state:not at safepoint (not fully initialized)

VM Mutex/Monitor currently owned by a thread: None

GC Heap History (0 events):
No events

Deoptimization events (0 events):
No events

Internal exceptions (0 events):
No events

Events (10 events):
Event: 0.077 loading class 0x000000000218ede0 done
Event: 0.077 loading class 0x0000000002142e50 done
Event: 0.077 loading class 0x0000000002142e20
Event: 0.078 loading class 0x00000000021978c0
Event: 0.078 loading class 0x00000000021978c0 done
Event: 0.078 loading class 0x0000000002197900
Event: 0.078 loading class 0x0000000002197900 done
Event: 0.078 loading class 0x00000000021aa300
Event: 0.078 loading class 0x00000000021aa300 done
Event: 0.078 loading class 0x0000000002142e20 done


Dynamic libraries:
0x000000013f100000 - 0x000000013f133000 	C:\Program Files\Java\jre7\bin\javaw.exe
0x0000000077910000 - 0x0000000077ab9000 	C:\Windows\SYSTEM32\ntdll.dll
0x00000000777f0000 - 0x000000007790f000 	C:\Windows\system32\kernel32.dll
0x000007fefde60000 - 0x000007fefdecc000 	C:\Windows\system32\KERNELBASE.dll
0x000007fefe840000 - 0x000007fefe91b000 	C:\Windows\system32\ADVAPI32.dll
0x000007feff9a0000 - 0x000007feffa3f000 	C:\Windows\system32\msvcrt.dll
0x000007fefe4b0000 - 0x000007fefe4cf000 	C:\Windows\SYSTEM32\sechost.dll
0x000007fefe710000 - 0x000007fefe83d000 	C:\Windows\system32\RPCRT4.dll
0x00000000774e0000 - 0x00000000775da000 	C:\Windows\system32\USER32.dll
0x000007feffbb0000 - 0x000007feffc17000 	C:\Windows\system32\GDI32.dll
0x000007fefe6b0000 - 0x000007fefe6be000 	C:\Windows\system32\LPK.dll
0x000007feffae0000 - 0x000007feffba9000 	C:\Windows\system32\USP10.dll
0x000007fefc6f0000 - 0x000007fefc8e4000 	C:\Windows\WinSxS\amd64_microsoft.windows.common-controls_6595b64144ccf1df_6.0.7601.17514_none_fa396087175ac9ac\COMCTL32.dll
0x000007fefe140000 - 0x000007fefe1b1000 	C:\Windows\system32\SHLWAPI.dll
0x000007fefe6e0000 - 0x000007fefe70e000 	C:\Windows\system32\IMM32.DLL
0x000007fefe260000 - 0x000007fefe369000 	C:\Windows\system32\MSCTF.dll
0x0000000074010000 - 0x00000000740e1000 	C:\Program Files\Java\jre7\bin\msvcr100.dll
0x0000000066df0000 - 0x000000006750f000 	C:\Program Files\Java\jre7\bin\server\jvm.dll
0x000007fef4160000 - 0x000007fef4169000 	C:\Windows\system32\WSOCK32.dll
0x000007feff740000 - 0x000007feff78d000 	C:\Windows\system32\WS2_32.dll
0x000007feff730000 - 0x000007feff738000 	C:\Windows\system32\NSI.dll
0x000007fefc3f0000 - 0x000007fefc42b000 	C:\Windows\system32\WINMM.dll
0x0000000077ae0000 - 0x0000000077ae7000 	C:\Windows\system32\PSAPI.DLL
0x000000006eea0000 - 0x000000006eeaf000 	C:\Program Files\Java\jre7\bin\verify.dll
0x000000006ee20000 - 0x000000006ee48000 	C:\Program Files\Java\jre7\bin\java.dll
0x0000000074560000 - 0x0000000074595000 	C:\Program Files\Java\jre7\bin\jdwp.dll
0x0000000074b30000 - 0x0000000074b38000 	C:\Program Files\Java\jre7\bin\npt.dll
0x000000006ee80000 - 0x000000006ee95000 	C:\Program Files\Java\jre7\bin\zip.dll

VM Arguments:
jvm_args: -agentlib:jdwp=transport=dt_socket,suspend=y,address=localhost:1373 -Dfile.encoding=UTF-8 -Xbootclasspath:D:\eclipse-standard-kepler-R-win32-x86_64\android-sdk_r22.0.4-windows\android-sdk-windows\platforms\android-17\android.jar 
java_command: com.teamir.mendcurse.calculate.CalculateTest
Launcher Type: SUN_STANDARD

Environment Variables:
CLASSPATH=.;D:\IBM\SQLLIB\java\db2java.zip;D:\IBM\SQLLIB\java\db2jcc.jar;D:\IBM\SQLLIB\java\sqlj.zip;D:\IBM\SQLLIB\java\db2jcc_license_cu.jar;D:\IBM\SQLLIB\bin;D:\IBM\SQLLIB\java\common.jar
PATH=C:/Program Files/Java/jre7/bin/server;C:/Program Files/Java/jre7/bin;C:/Program Files/Java/jre7/lib/amd64;D:\Python\Python2.7.3-32\Lib\site-packages\PyQt4;D:\Python\Python27\Lib\site-packages\PyQt4;D:\Python\Python27;D:\Python\Python27\Lib\site-packages\PyQt4;D:\Python\Python32\Lib\site-packages\PyQt4;C:\Python27\Lib\site-packages\PyQt4;C:\Program Files\Java\jre7\bin;D:\sbt\;D:\Python\Python32;D:\Java\jdk1.7.0_17\bin;;C:\Windows\system32;C:\Windows;C:\Windows\system32\wbem;D:\Java\jdk1.7.0_17\bin;D:\eclipse-standard-kepler-R-win32-x86_64\eclipse;
USERNAME=Administrator
OS=Windows_NT
PROCESSOR_IDENTIFIER=Intel64 Family 6 Model 42 Stepping 7, GenuineIntel



---------------  S Y S T E M  ---------------

OS: Windows 7 , 64 bit Build 7601 Service Pack 1

CPU:total 8 (4 cores per cpu, 2 threads per core) family 6 model 42 stepping 7, cmov, cx8, fxsr, mmx, sse, sse2, sse3, ssse3, sse4.1, sse4.2, popcnt, avx, ht, tsc, tscinvbit

Memory: 4k page, physical 4140912k(1931344k free), swap 8279964k(4540912k free)

vm_info: Java HotSpot(TM) 64-Bit Server VM (23.7-b01) for windows-amd64 JRE (1.7.0_17-b02), built on Mar  1 2013 03:38:30 by "java_re" with unknown MS VC++:1600

time: Wed Sep 11 15:15:21 2013
elapsed time: 0 seconds

